Sl NO TIMESTAMP                   PROTOCOL        MESSAGE                              DETAILS                                                                                                                                                             
-     2019-08-15 18:32:50.299000  -               -                                    Release: Auto-Certification Platform3.6.30                                                                                                                          
-     2019-08-15 18:32:50.303000  -               -                                    Starting testcase 2.1                                                                                                                                               
-     2019-08-15 18:32:50.318000  -               -                                    Starting test engine. It takes upto a minute ..                                                                                                                     
-     2019-08-15 18:32:50.318000  -               -                                    DRB_codec version: none                                                                                                                                             
-     2019-08-15 18:32:50.318000  -               -                                    NAS_codec version: none                                                                                                                                             
-     2019-08-15 18:32:50.318000  -               -                                    SIP_codec version: none                                                                                                                                             
-     2019-08-15 18:32:50.318000  -               -                                    TE:  6.13.1.6; default TTCN-3 version: TTCN-3:2018; build: 34353; license type: runtime; runtime: 64bit .NET 4.0.30319.42000                                        
-     2019-08-15 18:33:32.830000  -               -                                    Starting System Adapter ..                                                                                                                                          
-     2019-08-15 18:33:38.256000  -               -                                    Test case started in Test engine                                                                                                                                    
-     2019-08-15 18:33:39.780000  -               -                                    Testcase started in Test engine                                                                                                                                     
1     2019-08-15 18:33:40.057963  -               -                                    ACP3.6_TE_v11                                                                                                                                                       
2     2019-08-15 18:33:40.057963  -               -                                    Release Date - 01 Aug 2019                                                                                                                                          
3     2019-08-15 18:33:40.155704  -               -                                    Mapped AT command for Power OFF is at+cfun=4                                                                                                                        
4     2019-08-15 18:33:40.156700  -               -                                    Perform MMI POWER OFF on DUT                                                                                                                                        
5     2019-08-15 18:33:42.202605  -               -                                    TC_VZ_DATARETRYIMSLESS_2_1 Guard Timer value is 360 seconds                                                                                                         
6     2019-08-15 18:33:42.204601  -               -                                    TC_VZ_DATARETRYIMSLESS_2_1: RRCCONNECTIONREJECT MESSAGE INITIAL ATTACH                                                                                              
7     2019-08-15 18:33:42.205604  -               -                                    TC_VZ_DATARETRYIMSLESS_2_1: Step1: Configuring the test equipment to respond to all RRC Conn Req msgs with an RRC Conn Reject msg with a waitTime of 10 sec         
8     2019-08-15 18:33:42.353205  -               -                                    Activating Default handler                                                                                                                                          
9     2019-08-15 18:33:42.677343  [RRC]BCCH-BCH   masterInformationBlock               BCCH-BCH,-                                                                                                                                                          
10    2019-08-15 18:33:42.677343  [RRC]BCCH-DLSCH systemInformationBlockType1          BCCH-DLSCH,-                                                                                                                                                        
11    2019-08-15 18:33:42.677343  [RRC]BCCH-DLSCH systemInformation                    BCCH-DLSCH,-                                                                                                                                                        
12    2019-08-15 18:33:42.677343  [RRC]BCCH-DLSCH systemInformation                    BCCH-DLSCH,-                                                                                                                                                        
13    2019-08-15 18:33:42.677343  [RRC]BCCH-DLSCH systemInformationBlockType1          BCCH-DLSCH,-                                                                                                                                                        
14    2019-08-15 18:33:42.677343  [RRC]BCCH-DLSCH systemInformation                    BCCH-DLSCH,-                                                                                                                                                        
15    2019-08-15 18:33:42.677343  [RRC]BCCH-DLSCH systemInformation                    BCCH-DLSCH,-                                                                                                                                                        
16    2019-08-15 18:33:42.994743  -               -                                    TC_VZ_DATARETRYIMSLESS_2_1: Module: VZW_LTE_IMSLESS_DATA_RETRY_TESTCASES, Default Handler for Multi-PDN IMS and Internet is Disabled                                
17    2019-08-15 18:33:47.254673  -               -                                    TC_VZ_DATARETRYIMSLESS_2_1: Step1: Cell Configuration Successful                                                                                                    
18    2019-08-15 18:33:47.255671  -               -                                    TC_VZ_DATARETRYIMSLESS_2_1: Step2: Configured DUT to connect to the Internet PDN as soon as it finds service on the LTE Network                                     
19    2019-08-15 18:33:47.256668  -               -                                    TC_VZ_DATARETRYIMSLESS_2_1: Step3: Powering ON the DUT and allowing it to find LTE service                                                                          
27    2019-08-15 18:33:47.521961  -               -                                    TC_VZ_DATARETRYIMSLESS_2_1: Step4a: Verifying that the DUT attempts to attach to LTE network by sending an RRC Conn Req Msg                                         
28    2019-08-15 18:33:47.551882  -               -                                    Mapped AT command forPOWER_CYCLE is AT+CFUN=1,1                                                                                                                     
29    2019-08-15 18:33:47.552879  -               -                                    Performing POWER_CYCLE action on DUT                                                                                                                                
30    2019-08-15 18:33:55.236246  [RRC]UL-CCCH    rrcConnectionRequest                 UL-CCCH,-                                                                                                                                                           
31    2019-08-15 18:33:55.248204  -               -                                    TC_VZ_DATARETRYIMSLESS_2_1: Step4a: Received first RRCCOnnectionRequest from the DUT                                                                                
32    2019-08-15 18:33:55.249206  -               -                                    TC_VZ_DATARETRYIMSLESS_2_1: Step4b: Sent RRC Conn Reject with a waitTime of 10 seconds                                                                              
33    2019-08-15 18:33:55.250198  -               -                                    TC_VZ_DATARETRYIMSLESS_2_1: Started a timer for 10 seconds                                                                                                          
34    2019-08-15 18:33:55.250198  [RRC]DL-CCCH    rrcConnectionReject                  DL-CCCH,-                                                                                                                                                           
35    2019-08-15 18:33:55.251194  -               -                                    TC_VZ_DATARETRYIMSLESS_2_1: Releasing SRBs and DRBs                                                                                                                 
36    2019-08-15 18:33:55.472604  -               -                                    TC_VZ_DATARETRYIMSLESS_2_1: ReConfiguring SRBs and DRBs                                                                                                             
37    2019-08-15 18:33:55.511501  -               -                                    TC_VZ_DATARETRYIMSLESS_2_1: Step5a: Monitoring the DUT for 10 seconds. DUT should not attempt to attach to the LTE Network                                          
38    2019-08-15 18:34:05.250290  -               -                                    TC_VZ_DATARETRYIMSLESS_2_1: Step5a: Verified that the DUT does not attempt to attach to the LTE Network for 10 seconds                                              
39    2019-08-15 18:34:05.250290  -               -                                    TC_VZ_DATARETRYIMSLESS_2_1: Step5b: Waiting to receive 2nd RRC Conn Req from the DUT                                                                                
40    2019-08-15 18:34:05.325093  [RRC]UL-CCCH    rrcConnectionRequest                 UL-CCCH,-                                                                                                                                                           
41    2019-08-15 18:34:05.330077  -               -                                    TC_VZ_DATARETRYIMSLESS_2_1: Step5b: Received 2nd RRC Conn Req msg from the DUT after 10 seconds waitTime                                                            
42    2019-08-15 18:34:05.331075  -               -                                    TC_VZ_DATARETRYIMSLESS_2_1: Step5c: Sent RRC Conn Reject with a waitTime of 10 seconds                                                                              
43    2019-08-15 18:34:05.332073  -               -                                    TC_VZ_DATARETRYIMSLESS_2_1: Started a timer for 10 seconds                                                                                                          
44    2019-08-15 18:34:05.332073  [RRC]DL-CCCH    rrcConnectionReject                  DL-CCCH,-                                                                                                                                                           
45    2019-08-15 18:34:05.333072  -               -                                    TC_VZ_DATARETRYIMSLESS_2_1: Releasing SRBs and DRBs                                                                                                                 
46    2019-08-15 18:34:05.546706  -               -                                    TC_VZ_DATARETRYIMSLESS_2_1: Reconfiguring SRBs and DRBs                                                                                                             
47    2019-08-15 18:34:05.583594  -               -                                    TC_VZ_DATARETRYIMSLESS_2_1: Step6: Reconfigured the network to allow the RRC Conn Setup to succeed                                                                  
48    2019-08-15 18:34:05.583594  -               -                                    TC_VZ_DATARETRYIMSLESS_2_1: Step7a: Monitoring the DUT for 10 seconds. DUT should not attempt to attach to the LTE Network                                          
49    2019-08-15 18:34:15.332186  -               -                                    TC_VZ_DATARETRYIMSLESS_2_1: Step7a: Verified that the DUT does not attempt to attach to the LTE Network for 10 seconds                                              
50    2019-08-15 18:34:15.332186  -               -                                    TC_VZ_DATARETRYIMSLESS_2_1: Step7b: Waiting to receive 3rd RRC Conn Req from the DUT                                                                                
51    2019-08-15 18:34:15.404992  [RRC]UL-CCCH    rrcConnectionRequest                 UL-CCCH,-                                                                                                                                                           
52    2019-08-15 18:34:15.408982  -               -                                    TC_VZ_DATARETRYIMSLESS_2_1: Step7b: Received 3rd RRC Conn Req msg from the DUT after 10 seconds waitTime                                                            
53    2019-08-15 18:34:15.446887  -               -                                    TC_VZ_DATARETRYIMSLESS_2_1: Accepted the RRC Connection                                                                                                             
54    2019-08-15 18:34:15.470817  [RRC]DL-CCCH    rrcConnectionSetup                   DL-CCCH,-                                                                                                                                                           
55    2019-08-15 18:34:15.560616  [RRC]UL-DCCH    rrcConnectionSetupComplete           UL-DCCH,-                                                                                                                                                           
56    2019-08-15 18:34:15.874743  [RRC]DL-DCCH    dlInformationTransfer                DL-DCCH,-                                                                                                                                                           
57    2019-08-15 18:34:15.960519  [RRC]UL-DCCH    ulInformationTransfer                UL-DCCH,-                                                                                                                                                           
58    2019-08-15 18:34:16.150009  [RRC]DL-DCCH    dlInformationTransfer                DL-DCCH,-                                                                                                                                                           
59    2019-08-15 18:34:16.240767  [RRC]UL-DCCH    ulInformationTransfer                UL-DCCH,-                                                                                                                                                           
60    2019-08-15 18:34:16.277669  [RRC]DL-DCCH    dlInformationTransfer                DL-DCCH,-                                                                                                                                                           
61    2019-08-15 18:34:16.320554  [RRC]UL-DCCH    ulInformationTransfer                UL-DCCH,-                                                                                                                                                           
62    2019-08-15 18:34:16.328533  -               -                                    APN is not included in the PDN Connectivity Request message                                                                                                         
63    2019-08-15 18:34:16.328533  -               -                                    ESM Information Transfer Flag not included in the ESM:PDN Connectivity Request message                                                                              
64    2019-08-15 18:34:16.407325  [RRC]DL-DCCH    securityModeCommand                  DL-DCCH,-                                                                                                                                                           
65    2019-08-15 18:34:16.462180  [RRC]UL-DCCH    securityModeComplete                 UL-DCCH,-                                                                                                                                                           
66    2019-08-15 18:34:16.464174  [RRC]DL-DCCH    ueCapabilityEnquiry                  DL-DCCH,-                                                                                                                                                           
67    2019-08-15 18:34:16.508074  [RRC]UL-DCCH    ueCapabilityInformation              UL-DCCH,-                                                                                                                                                           
68    2019-08-15 18:34:16.519026  -               -                                    AttachType From UE: '010'B and AttachType from Network: '010'B                                                                                                      
69    2019-08-15 18:34:16.519026  -               -                                    EMM Cause is ommited                                                                                                                                                
70    2019-08-15 18:34:16.526006  -               -                                    TC_VZ_DATARETRYIMSLESS_2_1: Network simulator sends the Attach Accept/Activate Default EPS Bearer Context Request messages with the following information elements: 
71    2019-08-15 18:34:16.527004  -               -                                    TC_VZ_DATARETRYIMSLESS_2_1: Message: ATTACH ACCEPT                                                                                                                  
72    2019-08-15 18:34:16.528002  -               -                                    TC_VZ_DATARETRYIMSLESS_2_1: Info: Network simulator sends the Attach Accept message with following information elements:                                            
73    2019-08-15 18:34:16.528002  -               -                                    	GUTI: Present                                                                                                                                                      
74    2019-08-15 18:34:16.528999  -               -                                    	EMM Cause: Not Present                                                                                                                                             
75    2019-08-15 18:34:16.529997  -               -                                    	Additional update type: Present                                                                                                                                    
76    2019-08-15 18:34:16.529997  -               -                                    TC_VZ_DATARETRYIMSLESS_2_1: Message: ACTIVATE DEFAULT EPS BEARER CONTEXT REQUEST                                                                                    
77    2019-08-15 18:34:16.530995  -               -                                    TC_VZ_DATARETRYIMSLESS_2_1: Info: Network simulator sends the Activate Default EPS Bearer Context Request message with following information elements:              
78    2019-08-15 18:34:16.530995  -               -                                    	APN-AMBR: Present                                                                                                                                                  
79    2019-08-15 18:34:16.531992  -               -                                    	EPS bearer Identity: Present: '5'H                                                                                                                                 
80    2019-08-15 18:34:16.531992  -               -                                    	PDN Address: Present                                                                                                                                               
81    2019-08-15 18:34:16.532990  -               -                                    	Access Point Name: Present: VZWINTERNET                                                                                                                            
82    2019-08-15 18:34:16.532990  -               -                                    	P_CSCF: Present                                                                                                                                                    
83    2019-08-15 18:34:16.533987  -               -                                    	DNS_IPV6: Present                                                                                                                                                  
84    2019-08-15 18:34:16.534984  -               -                                    	IPV4 MTU SIZE: Present                                                                                                                                             
85    2019-08-15 18:34:16.534984  -               -                                    	Operator Specific PCO : Present                                                                                                                                    
86    2019-08-15 18:34:16.597817  [RRC]DL-DCCH    rrcConnectionReconfiguration         DL-DCCH,-                                                                                                                                                           
87    2019-08-15 18:34:16.641699  [RRC]UL-DCCH    rrcConnectionReconfigurationComplete UL-DCCH,-                                                                                                                                                           
88    2019-08-15 18:34:16.642698  -               -                                    TC_VZ_DATARETRYIMSLESS_2_1: Check: Does the UE transmit the ATTACH COMPLETE and ACTIVATE DEFAULT EPS BEARER CONTEXT ACCEPT messages?                                
89    2019-08-15 18:34:16.643694  -               -                                    TC_VZ_DATARETRYIMSLESS_2_1: Message: Uplink Direct Transfer                                                                                                         
90    2019-08-15 18:34:16.682591  [RRC]UL-DCCH    ulInformationTransfer                UL-DCCH,-                                                                                                                                                           
91    2019-08-15 18:34:16.705530  -               -                                    TC_VZ_DATARETRYIMSLESS_2_1: Expected NAS EPS MM Message Type: Attach Complete                                                                                       
92    2019-08-15 18:34:16.706527  -               -                                    TC_VZ_DATARETRYIMSLESS_2_1: Received NAS EPS MM Message Type: Attach Complete                                                                                       
93    2019-08-15 18:34:16.709520  -               -                                    TC_VZ_DATARETRYIMSLESS_2_1: Expected NAS EPS SM Message Type: Activate Default EPS Bearer Context Accept                                                            
94    2019-08-15 18:34:16.711515  -               -                                    TC_VZ_DATARETRYIMSLESS_2_1: Received NAS EPS SM Message Type: Activate Default EPS Bearer Context Accept                                                            
95    2019-08-15 18:34:16.716501  -               -                                    TC_VZ_DATARETRYIMSLESS_2_1: Step7c: Accepted the Attach. DUT attached to LTE network                                                                                
96    2019-08-15 18:34:16.758389  -               -                                    Mapped AT command forSWITCH_OFF is at+cfun=4                                                                                                                        
97    2019-08-15 18:34:16.758389  -               -                                    Performing SWITCH_OFF action on DUT                                                                                                                                 
98    2019-08-15 18:34:17.275013  -               -                                    CommonDefs.ttcn:238: unsupported DNS question (skipped)                                                                                                             
99    2019-08-15 18:34:18.063691  [RRC]UL-DCCH    ulInformationTransfer                UL-DCCH,-                                                                                                                                                           
100   2019-08-15 18:34:18.101116  -               -                                    Received Detach Request from UE                                                                                                                                     
101   2019-08-15 18:34:18.200367  -               -                                     Ignore RACH enabled                                                                                                                                                
102   2019-08-15 18:34:18.249284  [RRC]DL-DCCH    rrcConnectionRelease                 DL-DCCH,-                                                                                                                                                           
-     2019-08-15 18:34:27.376000  -               -                                    Test ended with result: PASS                                                                                                                                        

